#
# There is insufficient memory for the Java Runtime Environment to continue.
# Native memory allocation (malloc) failed to allocate 269936 bytes for Chunk::new
# Possible reasons:
#   The system is out of physical RAM or swap space
#   In 32 bit mode, the process size limit was hit
# Possible solutions:
#   Reduce memory load on the system
#   Increase physical memory or swap space
#   Check if swap backing store is full
#   Use 64 bit Java on a 64 bit OS
#   Decrease Java heap size (-Xmx/-Xms)
#   Decrease number of Java threads
#   Decrease Java thread stack sizes (-Xss)
#   Set larger code cache with -XX:ReservedCodeCacheSize=
# This output file may be truncated or incomplete.
#
#  Out of Memory Error (allocation.cpp:323), pid=10108, tid=8488
#
# JRE version: Java(TM) SE Runtime Environment (7.0_75-b13) (build 1.7.0_75-b13)
# Java VM: Java HotSpot(TM) 64-Bit Server VM (24.75-b04 mixed mode windows-amd64 compressed oops)
# Failed to write core dump. Minidumps are not enabled by default on client versions of Windows
#

---------------  T H R E A D  ---------------

Current thread (0x0000000008b3b800):  JavaThread "C2 CompilerThread0" daemon [_thread_in_native, id=8488, stack(0x000000000a0a0000,0x000000000a1a0000)]

Stack: [0x000000000a0a0000,0x000000000a1a0000]
[error occurred during error reporting (printing stack bounds), id 0xc0000005]


[error occurred during error reporting (printing native stack), id 0xc0000005]


Current CompileTask:
C2:   7117  432             com.android.dx.dex.cf.CfTranslator::translate0 (259 bytes)


---------------  P R O C E S S  ---------------

Java Threads: ( => current thread )
  0x0000000008b44000 JavaThread "Service Thread" daemon [_thread_blocked, id=8592, stack(0x000000000a2a0000,0x000000000a3a0000)]
  0x0000000008b3d800 JavaThread "C2 CompilerThread1" daemon [_thread_blocked, id=7208, stack(0x000000000a1a0000,0x000000000a2a0000)]
=>0x0000000008b3b800 JavaThread "C2 CompilerThread0" daemon [_thread_in_native, id=8488, stack(0x000000000a0a0000,0x000000000a1a0000)]
  0x0000000008b3b000 JavaThread "Attach Listener" daemon [_thread_blocked, id=7564, stack(0x0000000009fa0000,0x000000000a0a0000)]
  0x0000000008b37800 JavaThread "Signal Dispatcher" daemon [_thread_blocked, id=1228, stack(0x0000000009ea0000,0x0000000009fa0000)]
  0x0000000008afe800 JavaThread "Finalizer" daemon [_thread_blocked, id=8132, stack(0x0000000009da0000,0x0000000009ea0000)]
  0x0000000008af5800 JavaThread "Reference Handler" daemon [_thread_blocked, id=9808, stack(0x0000000009ca0000,0x0000000009da0000)]
  0x0000000002ba0800 JavaThread "main" [_thread_in_Java, id=7552, stack(0x0000000002a20000,0x0000000002b20000)]

Other Threads:
  0x0000000008af0800 VMThread [stack: 0x0000000009ba0000,0x0000000009ca0000] [id=5044]
  0x0000000008b52800 WatcherThread [stack: 0x000000000a3a0000,0x000000000a4a0000] [id=7588]

VM state:not at safepoint (normal execution)

VM Mutex/Monitor currently owned by a thread: None

Heap
 PSYoungGen      total 35328K, used 14867K [0x00000000eaa80000, 0x00000000eef80000, 0x0000000100000000)
  eden space 32768K, 37% used [0x00000000eaa80000,0x00000000eb68a680,0x00000000eca80000)
  from space 2560K, 99% used [0x00000000eca80000,0x00000000eccfa868,0x00000000ecd00000)
  to   space 2560K, 0% used [0x00000000eed00000,0x00000000eed00000,0x00000000eef80000)
 ParOldGen       total 42496K, used 8411K [0x00000000c0000000, 0x00000000c2980000, 0x00000000eaa80000)
  object space 42496K, 19% used [0x00000000c0000000,0x00000000c0836dd8,0x00000000c2980000)
 PSPermGen       total 21504K, used 5632K [0x00000000bae00000, 0x00000000bc300000, 0x00000000c0000000)
  object space 21504K, 26% used [0x00000000bae00000,0x00000000bb380000,0x00000000bc300000)

Card table byte_map: [0x0000000005d60000,0x0000000005f90000] byte_map_base: 0x0000000005789000

Polling page: 0x0000000001240000

Code Cache  [0x0000000002ca0000, 0x0000000002f10000, 0x0000000005ca0000)
 total_blobs=658 nmethods=424 adapters=186 free_code_cache=47260Kb largest_free_block=48341184

Compilation events (10 events):
Event: 6.988 Thread 0x0000000008b3b800  428             com.android.dx.dex.code.RopTranslator$TranslationVisitor::visitPlainInsn (161 bytes)
Event: 6.995 Thread 0x0000000008b3b800 nmethod 428 0x0000000002e4c910 code [0x0000000002e4cac0, 0x0000000002e4cf50]
Event: 6.995 Thread 0x0000000008b3d800 nmethod 427 0x0000000002e4f6d0 code [0x0000000002e4f880, 0x0000000002e4fd60]
Event: 6.997 Thread 0x0000000008b3b800  429             com.android.dx.ssa.NormalSsaInsn::<init> (15 bytes)
Event: 6.998 Thread 0x0000000008b3b800 nmethod 429 0x0000000002d5af10 code [0x0000000002d5b040, 0x0000000002d5b0f8]
Event: 7.010 Thread 0x0000000008b3d800  430             com.android.dx.dex.code.RopToDop::dopFor (792 bytes)
Event: 7.020 Thread 0x0000000008b3b800  431             java.util.TreeMap$PrivateEntryIterator::hasNext (13 bytes)
Event: 7.020 Thread 0x0000000008b3b800 nmethod 431 0x0000000002e4afd0 code [0x0000000002e4b100, 0x0000000002e4b158]
Event: 7.031 Thread 0x0000000008b3d800 nmethod 430 0x0000000002e720d0 code [0x0000000002e72560, 0x0000000002e73060]
Event: 7.105 Thread 0x0000000008b3b800  432             com.android.dx.dex.cf.CfTranslator::translate0 (259 bytes)

GC Heap History (6 events):
Event: 1.639 GC heap before
{Heap before GC invocations=1 (full 0):
 PSYoungGen      total 18944K, used 16384K [0x00000000eaa80000, 0x00000000ebf80000, 0x0000000100000000)
  eden space 16384K, 100% used [0x00000000eaa80000,0x00000000eba80000,0x00000000eba80000)
  from space 2560K, 0% used [0x00000000ebd00000,0x00000000ebd00000,0x00000000ebf80000)
  to   space 2560K, 0% used [0x00000000eba80000,0x00000000eba80000,0x00000000ebd00000)
 ParOldGen       total 42496K, used 0K [0x00000000c0000000, 0x00000000c2980000, 0x00000000eaa80000)
  object space 42496K, 0% used [0x00000000c0000000,0x00000000c0000000,0x00000000c2980000)
 PSPermGen       total 21504K, used 5355K [0x00000000bae00000, 0x00000000bc300000, 0x00000000c0000000)
  object space 21504K, 24% used [0x00000000bae00000,0x00000000bb33af18,0x00000000bc300000)
Event: 1.685 GC heap after
Heap after GC invocations=1 (full 0):
 PSYoungGen      total 18944K, used 2559K [0x00000000eaa80000, 0x00000000ecf80000, 0x0000000100000000)
  eden space 16384K, 0% used [0x00000000eaa80000,0x00000000eaa80000,0x00000000eba80000)
  from space 2560K, 99% used [0x00000000eba80000,0x00000000ebcffd18,0x00000000ebd00000)
  to   space 2560K, 0% used [0x00000000ecd00000,0x00000000ecd00000,0x00000000ecf80000)
 ParOldGen       total 42496K, used 1637K [0x00000000c0000000, 0x00000000c2980000, 0x00000000eaa80000)
  object space 42496K, 3% used [0x00000000c0000000,0x00000000c01994f0,0x00000000c2980000)
 PSPermGen       total 21504K, used 5355K [0x00000000bae00000, 0x00000000bc300000, 0x00000000c0000000)
  object space 21504K, 24% used [0x00000000bae00000,0x00000000bb33af18,0x00000000bc300000)
}
Event: 3.727 GC heap before
{Heap before GC invocations=2 (full 0):
 PSYoungGen      total 18944K, used 18943K [0x00000000eaa80000, 0x00000000ecf80000, 0x0000000100000000)
  eden space 16384K, 100% used [0x00000000eaa80000,0x00000000eba80000,0x00000000eba80000)
  from space 2560K, 99% used [0x00000000eba80000,0x00000000ebcffd18,0x00000000ebd00000)
  to   space 2560K, 0% used [0x00000000ecd00000,0x00000000ecd00000,0x00000000ecf80000)
 ParOldGen       total 42496K, used 1637K [0x00000000c0000000, 0x00000000c2980000, 0x00000000eaa80000)
  object space 42496K, 3% used [0x00000000c0000000,0x00000000c01994f0,0x00000000c2980000)
 PSPermGen       total 21504K, used 5558K [0x00000000bae00000, 0x00000000bc300000, 0x00000000c0000000)
  object space 21504K, 25% used [0x00000000bae00000,0x00000000bb36d968,0x00000000bc300000)
Event: 3.904 GC heap after
Heap after GC invocations=2 (full 0):
 PSYoungGen      total 35328K, used 2544K [0x00000000eaa80000, 0x00000000ecf80000, 0x0000000100000000)
  eden space 32768K, 0% used [0x00000000eaa80000,0x00000000eaa80000,0x00000000eca80000)
  from space 2560K, 99% used [0x00000000ecd00000,0x00000000ecf7c038,0x00000000ecf80000)
  to   space 2560K, 0% used [0x00000000eca80000,0x00000000eca80000,0x00000000ecd00000)
 ParOldGen       total 42496K, used 3700K [0x00000000c0000000, 0x00000000c2980000, 0x00000000eaa80000)
  object space 42496K, 8% used [0x00000000c0000000,0x00000000c039d0a0,0x00000000c2980000)
 PSPermGen       total 21504K, used 5558K [0x00000000bae00000, 0x00000000bc300000, 0x00000000c0000000)
  object space 21504K, 25% used [0x00000000bae00000,0x00000000bb36d968,0x00000000bc300000)
}
Event: 6.606 GC heap before
{Heap before GC invocations=3 (full 0):
 PSYoungGen      total 35328K, used 35312K [0x00000000eaa80000, 0x00000000ecf80000, 0x0000000100000000)
  eden space 32768K, 100% used [0x00000000eaa80000,0x00000000eca80000,0x00000000eca80000)
  from space 2560K, 99% used [0x00000000ecd00000,0x00000000ecf7c038,0x00000000ecf80000)
  to   space 2560K, 0% used [0x00000000eca80000,0x00000000eca80000,0x00000000ecd00000)
 ParOldGen       total 42496K, used 3700K [0x00000000c0000000, 0x00000000c2980000, 0x00000000eaa80000)
  object space 42496K, 8% used [0x00000000c0000000,0x00000000c039d0a0,0x00000000c2980000)
 PSPermGen       total 21504K, used 5623K [0x00000000bae00000, 0x00000000bc300000, 0x00000000c0000000)
  object space 21504K, 26% used [0x00000000bae00000,0x00000000bb37deb8,0x00000000bc300000)
Event: 6.653 GC heap after
Heap after GC invocations=3 (full 0):
 PSYoungGen      total 35328K, used 2538K [0x00000000eaa80000, 0x00000000eef80000, 0x0000000100000000)
  eden space 32768K, 0% used [0x00000000eaa80000,0x00000000eaa80000,0x00000000eca80000)
  from space 2560K, 99% used [0x00000000eca80000,0x00000000eccfa868,0x00000000ecd00000)
  to   space 2560K, 0% used [0x00000000eed00000,0x00000000eed00000,0x00000000eef80000)
 ParOldGen       total 42496K, used 8411K [0x00000000c0000000, 0x00000000c2980000, 0x00000000eaa80000)
  object space 42496K, 19% used [0x00000000c0000000,0x00000000c0836dd8,0x00000000c2980000)
 PSPermGen       total 21504K, used 5623K [0x00000000bae00000, 0x00000000bc300000, 0x00000000c0000000)
  object space 21504K, 26% used [0x00000000bae00000,0x00000000bb37deb8,0x00000000bc300000)
}

Deoptimization events (10 events):
Event: 4.253 Thread 0x0000000002ba0800 Uncommon trap: reason=bimorphic action=maybe_recompile pc=0x0000000002db8d64 method=com.android.dx.cf.code.BytecodeArray.parseInstruction(ILcom/android/dx/cf/code/BytecodeArray$Visitor;)I @ 1035
Event: 4.253 Thread 0x0000000002ba0800 Uncommon trap: reason=bimorphic action=maybe_recompile pc=0x0000000002db8a7c method=com.android.dx.cf.code.BytecodeArray.parseInstruction(ILcom/android/dx/cf/code/BytecodeArray$Visitor;)I @ 923
Event: 4.253 Thread 0x0000000002ba0800 Uncommon trap: reason=bimorphic action=maybe_recompile pc=0x0000000002db9134 method=com.android.dx.cf.code.BytecodeArray.parseInstruction(ILcom/android/dx/cf/code/BytecodeArray$Visitor;)I @ 1224
Event: 4.253 Thread 0x0000000002ba0800 Uncommon trap: reason=bimorphic action=maybe_recompile pc=0x0000000002db8afc method=com.android.dx.cf.code.BytecodeArray.parseInstruction(ILcom/android/dx/cf/code/BytecodeArray$Visitor;)I @ 939
Event: 4.253 Thread 0x0000000002ba0800 Uncommon trap: reason=bimorphic action=maybe_recompile pc=0x0000000002db9134 method=com.android.dx.cf.code.BytecodeArray.parseInstruction(ILcom/android/dx/cf/code/BytecodeArray$Visitor;)I @ 1224
Event: 5.417 Thread 0x0000000002ba0800 Uncommon trap: reason=null_check action=make_not_entrant pc=0x0000000002dd79d8 method=com.android.dx.ssa.SsaRenamer.getLocalForNewReg(I)Lcom/android/dx/rop/code/LocalItem; @ 19
Event: 6.469 Thread 0x0000000002ba0800 Uncommon trap: reason=bimorphic action=maybe_recompile pc=0x0000000002e0fd08 method=com.android.dx.cf.code.BytecodeArray.parseInstruction(ILcom/android/dx/cf/code/BytecodeArray$Visitor;)I @ 1501
Event: 6.470 Thread 0x0000000002ba0800 Uncommon trap: reason=bimorphic action=maybe_recompile pc=0x0000000002e0fd08 method=com.android.dx.cf.code.BytecodeArray.parseInstruction(ILcom/android/dx/cf/code/BytecodeArray$Visitor;)I @ 1501
Event: 6.698 Thread 0x0000000002ba0800 Uncommon trap: reason=bimorphic action=maybe_recompile pc=0x0000000002e542c8 method=com.android.dx.cf.code.RopperMachine.run(Lcom/android/dx/cf/code/Frame;II)V @ 988
Event: 6.986 Thread 0x0000000002ba0800 Uncommon trap: reason=bimorphic action=maybe_recompile pc=0x0000000002e542c8 method=com.android.dx.cf.code.RopperMachine.run(Lcom/android/dx/cf/code/Frame;II)V @ 988

Internal exceptions (10 events):
Event: 3.361 Thread 0x0000000002ba0800 Threw 0x00000000eb5eaf60 at C:\re\jdk7u75\1940\hotspot\src\share\vm\prims\jvm.cpp:1281
Event: 3.362 Thread 0x0000000002ba0800 Threw 0x00000000eb5ed018 at C:\re\jdk7u75\1940\hotspot\src\share\vm\prims\jvm.cpp:1281
Event: 3.362 Thread 0x0000000002ba0800 Threw 0x00000000eb5ef040 at C:\re\jdk7u75\1940\hotspot\src\share\vm\prims\jvm.cpp:1281
Event: 3.366 Thread 0x0000000002ba0800 Threw 0x00000000eb5fe460 at C:\re\jdk7u75\1940\hotspot\src\share\vm\prims\jvm.cpp:1281
Event: 3.374 Thread 0x0000000002ba0800 Threw 0x00000000eb60c270 at C:\re\jdk7u75\1940\hotspot\src\share\vm\prims\jvm.cpp:1281
Event: 3.574 Thread 0x0000000002ba0800 Implicit null exception at 0x0000000002d43752 to 0x0000000002d43855
Event: 3.913 Thread 0x0000000002ba0800 Threw 0x00000000eaad71e0 at C:\re\jdk7u75\1940\hotspot\src\share\vm\prims\jvm.cpp:1281
Event: 3.922 Thread 0x0000000002ba0800 Threw 0x00000000eab33390 at C:\re\jdk7u75\1940\hotspot\src\share\vm\prims\jvm.cpp:1281
Event: 5.417 Thread 0x0000000002ba0800 Implicit null exception at 0x0000000002dd61de to 0x0000000002dd79a9
Event: 7.007 Thread 0x0000000002ba0800 Threw 0x00000000eb3af8e8 at C:\re\jdk7u75\1940\hotspot\src\share\vm\prims\jvm.cpp:1281

Events (10 events):
Event: 6.654 Executing VM operation: BulkRevokeBias
Event: 6.655 Executing VM operation: BulkRevokeBias done
Event: 6.698 Thread 0x0000000002ba0800 Uncommon trap: trap_request=0xffffffc6 fr.pc=0x0000000002e542c8
Event: 6.698 Thread 0x0000000002ba0800 DEOPT PACKING pc=0x0000000002e542c8 sp=0x0000000002b1e6f0
Event: 6.698 Thread 0x0000000002ba0800 DEOPT UNPACKING pc=0x0000000002cd75a4 sp=0x0000000002b1e668 mode 2
Event: 6.986 Thread 0x0000000002ba0800 Uncommon trap: trap_request=0xffffffc6 fr.pc=0x0000000002e542c8
Event: 6.986 Thread 0x0000000002ba0800 DEOPT PACKING pc=0x0000000002e542c8 sp=0x0000000002b1e720
Event: 6.986 Thread 0x0000000002ba0800 DEOPT UNPACKING pc=0x0000000002cd75a4 sp=0x0000000002b1e698 mode 2
Event: 7.007 loading class 0x0000000002bb56c0
Event: 7.007 loading class 0x0000000002bb56c0 done


Dynamic libraries:
0x00007ff67fd30000 - 0x00007ff67fd63000 	C:\Program Files\Java\jdk1.7.0_75\bin\java.exe
0x00007ffaa0040000 - 0x00007ffaa01ec000 	C:\windows\SYSTEM32\ntdll.dll
0x00007ffa9ff00000 - 0x00007ffaa003e000 	C:\windows\system32\KERNEL32.DLL
0x00007ffa9d3c0000 - 0x00007ffa9d4d5000 	C:\windows\system32\KERNELBASE.dll
0x00007ffa9bd30000 - 0x00007ffa9bdbe000 	C:\windows\system32\apphelp.dll
0x00007ffa91e60000 - 0x00007ffa91eb3000 	C:\windows\AppPatch\AppPatch64\AcGenral.DLL
0x00007ffa9de80000 - 0x00007ffa9df2a000 	C:\windows\system32\msvcrt.dll
0x00007ffa9d030000 - 0x00007ffa9d05e000 	C:\windows\SYSTEM32\SspiCli.dll
0x00007ffa9df30000 - 0x00007ffa9df84000 	C:\windows\system32\SHLWAPI.dll
0x00007ffa9dad0000 - 0x00007ffa9dc47000 	C:\windows\system32\USER32.dll
0x00007ffa9dcc0000 - 0x00007ffa9de54000 	C:\windows\system32\ole32.dll
0x00007ffa9e9d0000 - 0x00007ffa9fee9000 	C:\windows\system32\SHELL32.dll
0x00007ffa9c7b0000 - 0x00007ffa9c7d1000 	C:\windows\SYSTEM32\USERENV.dll
0x00007ffa9e070000 - 0x00007ffa9e11a000 	C:\windows\system32\ADVAPI32.dll
0x00007ffa8f670000 - 0x00007ffa8f68e000 	C:\windows\SYSTEM32\MPR.dll
0x00007ffa9e300000 - 0x00007ffa9e441000 	C:\windows\system32\RPCRT4.dll
0x00007ffa9e120000 - 0x00007ffa9e179000 	C:\windows\SYSTEM32\sechost.dll
0x00007ffa9d8a0000 - 0x00007ffa9dab1000 	C:\windows\SYSTEM32\combase.dll
0x00007ffa9e870000 - 0x00007ffa9e9c1000 	C:\windows\system32\GDI32.dll
0x00007ffa9d190000 - 0x00007ffa9d1a5000 	C:\windows\SYSTEM32\profapi.dll
0x00007ffa9b550000 - 0x00007ffa9b602000 	C:\windows\SYSTEM32\SHCORE.dll
0x00007ffa9e450000 - 0x00007ffa9e486000 	C:\windows\system32\IMM32.DLL
0x00007ffa9e640000 - 0x00007ffa9e793000 	C:\windows\system32\MSCTF.dll
0x00007ffa9aae0000 - 0x00007ffa9ad5b000 	C:\windows\WinSxS\amd64_microsoft.windows.common-controls_6595b64144ccf1df_6.0.9600.17415_none_6240486fecbd8abb\COMCTL32.dll
0x0000000050d60000 - 0x0000000050e32000 	C:\Program Files\Java\jdk1.7.0_75\jre\bin\msvcr100.dll
0x00000000512d0000 - 0x0000000051aa4000 	C:\Program Files\Java\jdk1.7.0_75\jre\bin\server\jvm.dll
0x00007ffa97f70000 - 0x00007ffa97f79000 	C:\windows\SYSTEM32\WSOCK32.dll
0x00007ffa8f640000 - 0x00007ffa8f662000 	C:\windows\SYSTEM32\WINMM.dll
0x00007ffa9e000000 - 0x00007ffa9e007000 	C:\windows\system32\PSAPI.DLL
0x00007ffa9dfa0000 - 0x00007ffa9dffa000 	C:\windows\system32\WS2_32.dll
0x00007ffa8f610000 - 0x00007ffa8f63a000 	C:\windows\SYSTEM32\WINMMBASE.dll
0x00007ffa9df90000 - 0x00007ffa9df99000 	C:\windows\system32\NSI.dll
0x00007ffa9d2c0000 - 0x00007ffa9d30f000 	C:\windows\SYSTEM32\cfgmgr32.dll
0x00007ffa9bfa0000 - 0x00007ffa9bfc8000 	C:\windows\SYSTEM32\DEVOBJ.dll
0x00000000511e0000 - 0x00000000511ef000 	C:\Program Files\Java\jdk1.7.0_75\jre\bin\verify.dll
0x00000000511b0000 - 0x00000000511d8000 	C:\Program Files\Java\jdk1.7.0_75\jre\bin\java.dll
0x0000000051190000 - 0x00000000511a5000 	C:\Program Files\Java\jdk1.7.0_75\jre\bin\zip.dll
0x0000000051170000 - 0x0000000051189000 	C:\Program Files\Java\jdk1.7.0_75\jre\bin\net.dll
0x00007ffa9ca70000 - 0x00007ffa9cac9000 	C:\windows\system32\mswsock.dll
0x0000000051150000 - 0x0000000051161000 	C:\Program Files\Java\jdk1.7.0_75\jre\bin\nio.dll

VM Arguments:
jvm_args: -Xmx1024M -Dfile.encoding=windows-1252 -Duser.country=US -Duser.language=en -Duser.variant 
java_command: com.android.dx.command.Main --dex --output E:\504\finalProj\Checkuser\app\build\intermediates\pre-dexed\debug\classes-aed28b12efcec4b9f4484b641452e066b7ca788d.jar E:\504\finalProj\Checkuser\app\build\intermediates\exploded-aar\com.android.support\support-v4\21.0.3\classes.jar
Launcher Type: SUN_STANDARD

Environment Variables:
PATH=C:\windows\system32;C:\windows;C:\windows\System32\Wbem;C:\windows\System32\WindowsPowerShell\v1.0;C:\Python27\ArcGIS10.2\lib;E:\OpenGeoSuite-latest\OpenGeo\jetty\jre\bin;E:\OpenGeoSuite-latest\OpenGeo\bin;E:\OpenGeoSuite-latest\OpenGeo\sdk\bin;E:\OpenGeoSuite-latest\OpenGeo\pgsql\bin;E:\OpenGeoSuite\OpenGeo\jetty\jre\bin;E:\OpenGeoSuite\OpenGeo\sdk\bin;E:\OpenGeoSuite\OpenGeo\pgsql\bin;E:\OpenGeo\jetty\jre\bin;E:\OpenGeo\sdk\bin;E:\OpenGeo\pgsql\bin;C:\Program Files (x86)\Boundless\OpenGeo\jetty\jre\bin;C:\Program Files (x86)\Boundless\OpenGeo\bin;C:\Program Files (x86)\Boundless\OpenGeo\sdk\bin;C:\Program Files (x86)\Boundless\OpenGeo\pgsql\bin
USERNAME=sleonard
OS=Windows_NT
PROCESSOR_IDENTIFIER=Intel64 Family 6 Model 69 Stepping 1, GenuineIntel



---------------  S Y S T E M  ---------------

OS: Windows 8.1 , 64 bit Build 9600 

CPU:total 4 (2 cores per cpu, 2 threads per core) family 6 model 69 stepping 1, cmov, cx8, fxsr, mmx, sse, sse2, sse3, ssse3, sse4.1, sse4.2, popcnt, avx, avx2, aes, erms, ht, tsc, tscinvbit

Memory: 4k page, physical 4112424k(284092k free), swap 7258152k(5036k free)

vm_info: Java HotSpot(TM) 64-Bit Server VM (24.75-b04) for windows-amd64 JRE (1.7.0_75-b13), built on Dec 18 2014 17:15:01 by "java_re" with unknown MS VC++:1600

time: Wed Mar 11 13:27:55 2015
elapsed time: 7 seconds

